Filebench Version 1.5-alpha3
0.000: Allocated 177MB of shared memory
0.203: Varmail Version 3.0 personality successfully loaded
0.203: Populating and pre-allocating filesets
0.210: bigfileset populated: 10000 files, avg. dir. width = 1000000, avg. dir. depth = 0.7, 0 leafdirs, 154.079MB total size
0.210: Removing bigfileset tree (if exists)
0.223: Pre-allocating directories in bigfileset tree
0.225: Pre-allocating files in bigfileset tree
0.424: Waiting for pre-allocation to finish (in case of a parallel pre-allocation)
0.424: Population and pre-allocation of filesets completed
0.424: Starting 1 filereader instances
1.428: Running...
61.433: Run took 60 seconds...
61.434: Per-Operation Breakdown
closefile4           121177ops     2019ops/s   0.0mb/s    0.002ms/op [0.001ms - 0.057ms]
readfile4            121177ops     2019ops/s  31.3mb/s    0.014ms/op [0.002ms - 0.545ms]
openfile4            121177ops     2019ops/s   0.0mb/s    0.015ms/op [0.002ms - 0.562ms]
closefile3           121177ops     2019ops/s   0.0mb/s    0.003ms/op [0.001ms - 0.674ms]
fsyncfile3           121177ops     2019ops/s   0.0mb/s    8.652ms/op [0.039ms - 144.385ms]
appendfilerand3      121203ops     2020ops/s  15.8mb/s    0.016ms/op [0.003ms - 1.631ms]
readfile3            121203ops     2020ops/s  31.2mb/s    0.014ms/op [0.002ms - 0.404ms]
openfile3            121203ops     2020ops/s   0.0mb/s    0.014ms/op [0.003ms - 0.775ms]
closefile2           121203ops     2020ops/s   0.0mb/s    0.003ms/op [0.001ms - 0.087ms]
fsyncfile2           121203ops     2020ops/s   0.0mb/s   10.488ms/op [0.343ms - 153.063ms]
appendfilerand2      121217ops     2020ops/s  15.8mb/s    0.014ms/op [0.005ms - 0.279ms]
createfile2          121217ops     2020ops/s   0.0mb/s    0.226ms/op [0.014ms - 11.348ms]
deletefile1          121217ops     2020ops/s   0.0mb/s    0.220ms/op [0.014ms - 11.330ms]
61.435: IO Summary: 1575551 ops 26257.171 ops/s 4039/4040 rd/wr  94.1mb/s 1.514ms/op
61.435: Shutting down processes
