Filebench Version 1.5-alpha3
0.000: Allocated 177MB of shared memory
0.124: Varmail Version 3.0 personality successfully loaded
0.124: Populating and pre-allocating filesets
0.131: bigfileset populated: 10000 files, avg. dir. width = 1000000, avg. dir. depth = 0.7, 0 leafdirs, 154.079MB total size
0.131: Removing bigfileset tree (if exists)
0.160: Pre-allocating directories in bigfileset tree
0.160: Pre-allocating files in bigfileset tree
0.455: Waiting for pre-allocation to finish (in case of a parallel pre-allocation)
0.455: Population and pre-allocation of filesets completed
0.455: Starting 1 filereader instances
1.458: Running...
61.463: Run took 60 seconds...
61.465: Per-Operation Breakdown
closefile4           200119ops     3335ops/s   0.0mb/s    0.001ms/op [0.000ms - 0.056ms]
readfile4            200119ops     3335ops/s  52.0mb/s    0.019ms/op [0.002ms - 32.897ms]
openfile4            200119ops     3335ops/s   0.0mb/s    0.016ms/op [0.002ms - 0.571ms]
closefile3           200119ops     3335ops/s   0.0mb/s    0.003ms/op [0.001ms - 0.089ms]
fsyncfile3           200119ops     3335ops/s   0.0mb/s    5.806ms/op [0.402ms - 62.481ms]
appendfilerand3      200142ops     3335ops/s  26.0mb/s    0.028ms/op [0.003ms - 33.002ms]
readfile3            200142ops     3335ops/s  52.0mb/s    0.019ms/op [0.002ms - 32.984ms]
openfile3            200142ops     3335ops/s   0.0mb/s    0.015ms/op [0.002ms - 0.575ms]
closefile2           200142ops     3335ops/s   0.0mb/s    0.002ms/op [0.001ms - 0.144ms]
fsyncfile2           200142ops     3335ops/s   0.0mb/s    5.655ms/op [0.745ms - 78.662ms]
appendfilerand2      200159ops     3336ops/s  26.0mb/s    0.018ms/op [0.001ms - 0.577ms]
createfile2          200159ops     3336ops/s   0.0mb/s    0.151ms/op [0.011ms - 30.330ms]
deletefile1          200159ops     3336ops/s   0.0mb/s    0.136ms/op [0.022ms - 31.651ms]
61.465: IO Summary: 2601782 ops 43359.744 ops/s 6671/6671 rd/wr 156.0mb/s 0.913ms/op
61.465: Shutting down processes
