Filebench Version 1.5-alpha3
0.000: Allocated 177MB of shared memory
0.132: Varmail Version 3.0 personality successfully loaded
0.132: Populating and pre-allocating filesets
0.139: bigfileset populated: 10000 files, avg. dir. width = 1000000, avg. dir. depth = 0.7, 0 leafdirs, 154.079MB total size
0.139: Removing bigfileset tree (if exists)
0.152: Pre-allocating directories in bigfileset tree
0.152: Pre-allocating files in bigfileset tree
0.430: Waiting for pre-allocation to finish (in case of a parallel pre-allocation)
0.430: Population and pre-allocation of filesets completed
0.430: Starting 1 filereader instances
1.434: Running...
61.439: Run took 60 seconds...
61.441: Per-Operation Breakdown
closefile4           439566ops     7326ops/s   0.0mb/s    0.001ms/op [0.000ms - 0.130ms]
readfile4            439566ops     7326ops/s 114.7mb/s    0.024ms/op [0.001ms - 13.366ms]
openfile4            439566ops     7326ops/s   0.0mb/s    0.009ms/op [0.002ms - 0.737ms]
closefile3           439566ops     7326ops/s   0.0mb/s    0.002ms/op [0.001ms - 0.136ms]
fsyncfile3           439566ops     7326ops/s   0.0mb/s    2.224ms/op [0.032ms - 122.546ms]
appendfilerand3      439590ops     7326ops/s  57.2mb/s    0.043ms/op [0.001ms - 29.367ms]
readfile3            439590ops     7326ops/s 115.0mb/s    0.027ms/op [0.001ms - 12.962ms]
openfile3            439590ops     7326ops/s   0.0mb/s    0.009ms/op [0.002ms - 0.490ms]
closefile2           439590ops     7326ops/s   0.0mb/s    0.002ms/op [0.001ms - 0.226ms]
fsyncfile2           439590ops     7326ops/s   0.0mb/s    2.614ms/op [0.040ms - 97.771ms]
appendfilerand2      439604ops     7326ops/s  57.1mb/s    0.102ms/op [0.007ms - 40.897ms]
createfile2          439605ops     7326ops/s   0.0mb/s    0.155ms/op [0.012ms - 18.778ms]
deletefile1          439605ops     7326ops/s   0.0mb/s    0.198ms/op [0.024ms - 43.215ms]
61.441: IO Summary: 5714594 ops 95236.181 ops/s 14652/14652 rd/wr 344.0mb/s 0.416ms/op
61.441: Shutting down processes
